<?xml version="1.0" encoding="UTF-8"?>
<robot generator="Robot 3.2.2 (Python 3.9.0 on win32)" generated="20201208 11:00:50.269" rpa="false">
<suite id="s1" name="Tests" source="C:\Users\ep16520\Documents\Testering\Robotframework\revision\project\Tests\tests.robot">
<test id="s1-t1" name="First revision test">
<kw name="${browser} IN [ @{BROWSERS} ]" type="for">
<kw name="${browser} = chrome" type="foritem">
<kw name="Open Browser And Go To Page" library="common">
<arguments>
<arg>${URL}</arg>
<arg>${browser}</arg>
</arguments>
<kw name="Open Browser" library="SeleniumLibrary">
<doc>Opens a new browser instance to the optional ``url``.</doc>
<arguments>
<arg>about:blank</arg>
<arg>${browser}</arg>
</arguments>
<msg timestamp="20201208 11:00:50.496" level="INFO">Opening browser 'chrome' to base url 'about:blank'.</msg>
<status status="PASS" starttime="20201208 11:00:50.496" endtime="20201208 11:00:53.712"></status>
</kw>
<kw name="Go To" library="SeleniumLibrary">
<doc>Navigates the current browser window to the provided ``url``.</doc>
<arguments>
<arg>${url}</arg>
</arguments>
<msg timestamp="20201208 11:00:53.713" level="INFO">Opening url 'https://www.amazon.com'</msg>
<status status="PASS" starttime="20201208 11:00:53.713" endtime="20201208 11:00:55.363"></status>
</kw>
<status status="PASS" starttime="20201208 11:00:50.496" endtime="20201208 11:00:55.364"></status>
</kw>
<kw name="Sleep" library="BuiltIn">
<doc>Pauses the test executed for the given time.</doc>
<arguments>
<arg>2s</arg>
</arguments>
<msg timestamp="20201208 11:00:57.366" level="INFO">Slept 2 seconds</msg>
<status status="PASS" starttime="20201208 11:00:55.364" endtime="20201208 11:00:57.366"></status>
</kw>
<kw name="Close Browser" library="SeleniumLibrary">
<doc>Closes the current browser.</doc>
<status status="PASS" starttime="20201208 11:00:57.366" endtime="20201208 11:00:59.559"></status>
</kw>
<status status="PASS" starttime="20201208 11:00:50.496" endtime="20201208 11:00:59.559"></status>
</kw>
<kw name="${browser} = firefox" type="foritem">
<kw name="Open Browser And Go To Page" library="common">
<arguments>
<arg>${URL}</arg>
<arg>${browser}</arg>
</arguments>
<kw name="Open Browser" library="SeleniumLibrary">
<doc>Opens a new browser instance to the optional ``url``.</doc>
<arguments>
<arg>about:blank</arg>
<arg>${browser}</arg>
</arguments>
<msg timestamp="20201208 11:00:59.560" level="INFO">Opening browser 'firefox' to base url 'about:blank'.</msg>
<msg timestamp="20201208 11:00:59.562" level="INFO">Firefox driver log is always forced to to: C:\Users\ep16520\Documents\Testering\Robotframework\revision\project\Results\geckodriver-1.log</msg>
<status status="PASS" starttime="20201208 11:00:59.560" endtime="20201208 11:01:05.846"></status>
</kw>
<kw name="Go To" library="SeleniumLibrary">
<doc>Navigates the current browser window to the provided ``url``.</doc>
<arguments>
<arg>${url}</arg>
</arguments>
<msg timestamp="20201208 11:01:05.846" level="INFO">Opening url 'https://www.amazon.com'</msg>
<status status="PASS" starttime="20201208 11:01:05.846" endtime="20201208 11:01:06.872"></status>
</kw>
<status status="PASS" starttime="20201208 11:00:59.559" endtime="20201208 11:01:06.873"></status>
</kw>
<kw name="Sleep" library="BuiltIn">
<doc>Pauses the test executed for the given time.</doc>
<arguments>
<arg>2s</arg>
</arguments>
<msg timestamp="20201208 11:01:08.874" level="INFO">Slept 2 seconds</msg>
<status status="PASS" starttime="20201208 11:01:06.873" endtime="20201208 11:01:08.874"></status>
</kw>
<kw name="Close Browser" library="SeleniumLibrary">
<doc>Closes the current browser.</doc>
<status status="PASS" starttime="20201208 11:01:08.874" endtime="20201208 11:01:09.995"></status>
</kw>
<status status="PASS" starttime="20201208 11:00:59.559" endtime="20201208 11:01:09.995"></status>
</kw>
<status status="PASS" starttime="20201208 11:00:50.496" endtime="20201208 11:01:09.995"></status>
</kw>
<tags>
<tag>DEBUG</tag>
</tags>
<status status="PASS" starttime="20201208 11:00:50.495" endtime="20201208 11:01:09.996" critical="yes"></status>
</test>
<test id="s1-t2" name="Second revision test">
<kw name="Open Browser And Go To Page" library="common">
<arguments>
<arg>${URL}</arg>
<arg>${BROWSERS[0]}</arg>
</arguments>
<kw name="Open Browser" library="SeleniumLibrary">
<doc>Opens a new browser instance to the optional ``url``.</doc>
<arguments>
<arg>about:blank</arg>
<arg>${browser}</arg>
</arguments>
<msg timestamp="20201208 11:01:09.999" level="INFO">Opening browser 'chrome' to base url 'about:blank'.</msg>
<status status="PASS" starttime="20201208 11:01:09.999" endtime="20201208 11:01:13.195"></status>
</kw>
<kw name="Go To" library="SeleniumLibrary">
<doc>Navigates the current browser window to the provided ``url``.</doc>
<arguments>
<arg>${url}</arg>
</arguments>
<msg timestamp="20201208 11:01:13.196" level="INFO">Opening url 'https://www.amazon.com'</msg>
<status status="PASS" starttime="20201208 11:01:13.195" endtime="20201208 11:01:15.437"></status>
</kw>
<status status="PASS" starttime="20201208 11:01:09.998" endtime="20201208 11:01:15.438"></status>
</kw>
<kw name="Search for Salomon Speed Cross 5" library="navigation">
<kw name="Wait Until Page Contains Element" library="SeleniumLibrary">
<doc>Waits until the element ``locator`` appears on the current page.</doc>
<arguments>
<arg>${NAVBAR_TEXTBOC_SELECTOR}</arg>
</arguments>
<status status="PASS" starttime="20201208 11:01:15.439" endtime="20201208 11:01:15.462"></status>
</kw>
<kw name="Input Text" library="SeleniumLibrary">
<doc>Types the given ``text`` into the text field identified by ``locator``.</doc>
<arguments>
<arg>${NAVBAR_TEXTBOC_SELECTOR}</arg>
<arg>${product_name}</arg>
</arguments>
<msg timestamp="20201208 11:01:15.462" level="INFO">Typing text 'Salomon Speed Cross 5' into text field 'xpath=//input[@id="twotabsearchtextbox"]'.</msg>
<status status="PASS" starttime="20201208 11:01:15.462" endtime="20201208 11:01:15.765"></status>
</kw>
<kw name="Click Element" library="SeleniumLibrary">
<doc>Click the element identified by ``locator``.</doc>
<arguments>
<arg>${NAVBAR_SUBMIT_BUTTON_SELECTOR}</arg>
</arguments>
<msg timestamp="20201208 11:01:15.766" level="INFO">Clicking element '//input[@type="submit" and @class="nav-input"]'.</msg>
<status status="PASS" starttime="20201208 11:01:15.766" endtime="20201208 11:01:17.682"></status>
</kw>
<status status="PASS" starttime="20201208 11:01:15.438" endtime="20201208 11:01:17.682"></status>
</kw>
<kw name="Check results count" library="navigation">
<kw name="Get result string" library="navigation">
<assign>
<var>${results_text}</var>
</assign>
<kw name="Get Text" library="SeleniumLibrary">
<doc>Returns the text value of the element identified by ``locator``.</doc>
<arguments>
<arg>${SEARCH_RESULT_INDICATOR_SELECTOR}</arg>
</arguments>
<assign>
<var>${results_text}</var>
</assign>
<msg timestamp="20201208 11:01:17.746" level="INFO">${results_text} = 1-48 of 49 results for</msg>
<status status="PASS" starttime="20201208 11:01:17.683" endtime="20201208 11:01:17.746"></status>
</kw>
<kw name="Get Results From String" library="python_keywords">
<arguments>
<arg>${results_text}</arg>
</arguments>
<assign>
<var>${results_text}</var>
</assign>
<msg timestamp="20201208 11:01:17.747" level="INFO">${results_text} = 48</msg>
<status status="PASS" starttime="20201208 11:01:17.747" endtime="20201208 11:01:17.747"></status>
</kw>
<msg timestamp="20201208 11:01:17.748" level="INFO">${results_text} = 48</msg>
<status status="PASS" starttime="20201208 11:01:17.683" endtime="20201208 11:01:17.748"></status>
</kw>
<kw name="Get Element Count" library="SeleniumLibrary">
<doc>Returns the number of elements matching ``locator``.</doc>
<arguments>
<arg>${RESULT_BOXES_SELECTOR}</arg>
</arguments>
<assign>
<var>${results_all_count}</var>
</assign>
<msg timestamp="20201208 11:01:17.769" level="INFO">${results_all_count} = 49</msg>
<status status="PASS" starttime="20201208 11:01:17.748" endtime="20201208 11:01:17.770"></status>
</kw>
<kw name="Get Element Count" library="SeleniumLibrary">
<doc>Returns the number of elements matching ``locator``.</doc>
<arguments>
<arg>${RESULT_BOXES_SPONSORED_SELECTOR}</arg>
</arguments>
<assign>
<var>${results_sponsored_count}</var>
</assign>
<msg timestamp="20201208 11:01:17.797" level="INFO">${results_sponsored_count} = 1</msg>
<status status="PASS" starttime="20201208 11:01:17.771" endtime="20201208 11:01:17.797"></status>
</kw>
<kw name="Evaluate" library="BuiltIn">
<doc>Evaluates the given expression in Python and returns the result.</doc>
<arguments>
<arg>${results_all_count}-${results_sponsored_count}</arg>
</arguments>
<assign>
<var>${results_count}</var>
</assign>
<msg timestamp="20201208 11:01:17.798" level="INFO">${results_count} = 48</msg>
<status status="PASS" starttime="20201208 11:01:17.798" endtime="20201208 11:01:17.798"></status>
</kw>
<kw name="Should Be Equal" library="BuiltIn">
<doc>Fails if the given objects are unequal.</doc>
<arguments>
<arg>${results_count}</arg>
<arg>${results_text}</arg>
</arguments>
<status status="PASS" starttime="20201208 11:01:17.799" endtime="20201208 11:01:17.800"></status>
</kw>
<status status="PASS" starttime="20201208 11:01:17.682" endtime="20201208 11:01:17.800"></status>
</kw>
<kw name="Close Browser" library="SeleniumLibrary">
<doc>Closes the current browser.</doc>
<status status="PASS" starttime="20201208 11:01:17.801" endtime="20201208 11:01:20.674"></status>
</kw>
<status status="PASS" starttime="20201208 11:01:09.998" endtime="20201208 11:01:20.675" critical="yes"></status>
</test>
<doc>Revision Test Suite</doc>
<status status="PASS" starttime="20201208 11:00:50.271" endtime="20201208 11:01:20.678"></status>
</suite>
<statistics>
<total>
<stat pass="2" fail="0">Critical Tests</stat>
<stat pass="2" fail="0">All Tests</stat>
</total>
<tag>
<stat pass="1" fail="0">DEBUG</stat>
</tag>
<suite>
<stat pass="2" fail="0" id="s1" name="Tests">Tests</stat>
</suite>
</statistics>
<errors>
</errors>
</robot>
